2025-12-07T01:48:37.223+01:00  WARN 29939 --- [SmartShop] [HikariPool-1:housekeeper] com.zaxxer.hikari.pool.HikariPool        : HikariPool-1 - Thread starvation or clock leap detected (housekeeper delta=1h57m47s255ms).
2025-12-07T03:48:52.575+01:00  WARN 29939 --- [SmartShop] [HikariPool-1:housekeeper] com.zaxxer.hikari.pool.HikariPool        : HikariPool-1 - Thread starvation or clock leap detected (housekeeper delta=2h15s351ms).
2025-12-07T05:46:39.629+01:00  WARN 29939 --- [SmartShop] [HikariPool-1:housekeeper] com.zaxxer.hikari.pool.HikariPool        : HikariPool-1 - Thread starvation or clock leap detected (housekeeper delta=1h57m47s53ms).
2025-12-07T08:48:02.291+01:00  WARN 29939 --- [SmartShop] [HikariPool-1:housekeeper] com.zaxxer.hikari.pool.HikariPool        : HikariPool-1 - Thread starvation or clock leap detected (housekeeper delta=3h1m22s662ms).
2025-12-07T10:59:25.411+01:00  WARN 29939 --- [SmartShop] [HikariPool-1:housekeeper] com.zaxxer.hikari.pool.HikariPool        : HikariPool-1 - Thread starvation or clock leap detected (housekeeper delta=2h11m23s100ms).
2025-12-07T11:24:06.754+01:00  WARN 29939 --- [SmartShop] [HikariPool-1:housekeeper] com.zaxxer.hikari.pool.HikariPool        : HikariPool-1 - Thread starvation or clock leap detected (housekeeper delta=16m41s206ms).
2025-12-07T11:35:05.814+01:00  WARN 29939 --- [SmartShop] [HikariPool-1:housekeeper] com.zaxxer.hikari.pool.HikariPool        : HikariPool-1 - Retrograde clock change detected (housekeeper delta=28s989ms), soft-evicting connections from pool.
2025-12-07T12:16:32.668+01:00  WARN 29939 --- [SmartShop] [HikariPool-1:housekeeper] com.zaxxer.hikari.pool.HikariPool        : HikariPool-1 - Thread starvation or clock leap detected (housekeeper delta=3m26s161ms).
2025-12-07T13:38:56.362+01:00  WARN 29939 --- [SmartShop] [HikariPool-1:housekeeper] com.zaxxer.hikari.pool.HikariPool        : HikariPool-1 - Thread starvation or clock leap detected (housekeeper delta=35m52s889ms).
2025-12-07T14:13:44.015+01:00  WARN 29939 --- [SmartShop] [HikariPool-1:housekeeper] com.zaxxer.hikari.pool.HikariPool        : HikariPool-1 - Thread starvation or clock leap detected (housekeeper delta=34m17s643ms).
2025-12-07T14:17:03.727+01:00  WARN 29939 --- [SmartShop] [HikariPool-1:housekeeper] com.zaxxer.hikari.pool.HikariPool        : HikariPool-1 - Thread starvation or clock leap detected (housekeeper delta=3m19s712ms).
2025-12-07T14:31:28.990+01:00  WARN 29939 --- [SmartShop] [HikariPool-1:housekeeper] com.zaxxer.hikari.pool.HikariPool        : HikariPool-1 - Thread starvation or clock leap detected (housekeeper delta=55s150ms).
2025-12-07T14:32:15.196+01:00  WARN 29939 --- [SmartShop] [HikariPool-1:housekeeper] com.zaxxer.hikari.pool.HikariPool        : HikariPool-1 - Thread starvation or clock leap detected (housekeeper delta=46s207ms).
2025-12-07T14:39:31.895+01:00  WARN 29939 --- [SmartShop] [HikariPool-1:housekeeper] com.zaxxer.hikari.pool.HikariPool        : HikariPool-1 - Thread starvation or clock leap detected (housekeeper delta=2m46s650ms).
2025-12-07T14:51:27.114+01:00  WARN 29939 --- [SmartShop] [HikariPool-1:housekeeper] com.zaxxer.hikari.pool.HikariPool        : HikariPool-1 - Thread starvation or clock leap detected (housekeeper delta=11m25s207ms).
2025-12-07T15:00:50.117+01:00  WARN 29939 --- [SmartShop] [HikariPool-1:housekeeper] com.zaxxer.hikari.pool.HikariPool        : HikariPool-1 - Thread starvation or clock leap detected (housekeeper delta=1m52s919ms).
2025-12-07T15:11:44.774+01:00  WARN 29939 --- [SmartShop] [HikariPool-1:housekeeper] com.zaxxer.hikari.pool.HikariPool        : HikariPool-1 - Thread starvation or clock leap detected (housekeeper delta=10m24s296ms).
2025-12-07T15:25:33.099+01:00  WARN 29939 --- [SmartShop] [HikariPool-1:housekeeper] com.zaxxer.hikari.pool.HikariPool        : HikariPool-1 - Thread starvation or clock leap detected (housekeeper delta=1m48s204ms).
2025-12-07T15:30:05.663+01:00  WARN 29939 --- [SmartShop] [HikariPool-1:housekeeper] com.zaxxer.hikari.pool.HikariPool        : HikariPool-1 - Thread starvation or clock leap detected (housekeeper delta=4m2s545ms).
2025-12-07T15:52:00.282+01:00  WARN 29939 --- [SmartShop] [HikariPool-1:housekeeper] com.zaxxer.hikari.pool.HikariPool        : HikariPool-1 - Thread starvation or clock leap detected (housekeeper delta=54s439ms).
2025-12-07T15:54:30.159+01:00  WARN 29939 --- [SmartShop] [HikariPool-1:housekeeper] com.zaxxer.hikari.pool.HikariPool        : HikariPool-1 - Thread starvation or clock leap detected (housekeeper delta=1m59s865ms).
2025-12-07T15:56:05.525+01:00  INFO 29939 --- [SmartShop] [SpringApplicationShutdownHook] o.s.boot.tomcat.GracefulShutdown         : Commencing graceful shutdown. Waiting for active requests to complete
2025-12-07T15:56:05.601+01:00  INFO 29939 --- [SmartShop] [tomcat-shutdown] o.s.boot.tomcat.GracefulShutdown         : Graceful shutdown complete
2025-12-07T15:56:05.723+01:00  INFO 29939 --- [SmartShop] [SpringApplicationShutdownHook] j.LocalContainerEntityManagerFactoryBean : Closing JPA EntityManagerFactory for persistence unit 'default'
2025-12-07T15:56:05.866+01:00  INFO 29939 --- [SmartShop] [SpringApplicationShutdownHook] com.zaxxer.hikari.HikariDataSource       : HikariPool-1 - Shutdown initiated...
2025-12-07T15:56:05.891+01:00  INFO 29939 --- [SmartShop] [SpringApplicationShutdownHook] com.zaxxer.hikari.HikariDataSource       : HikariPool-1 - Shutdown completed.
2025-12-07T15:56:11.365+01:00  INFO 68123 --- [SmartShop] [main] c.a.smartshop.SmartShopApplication       : Starting SmartShopApplication using Java 17.0.17 with PID 68123 (/Users/aliyara/Documents/Java/Spring-Boot/SmartShop/target/classes started by aliyara in /Users/aliyara/Documents/Java/Spring-Boot/SmartShop)
2025-12-07T15:56:11.367+01:00 DEBUG 68123 --- [SmartShop] [main] c.a.smartshop.SmartShopApplication       : Running with Spring Boot v4.0.0, Spring v7.0.1
2025-12-07T15:56:11.368+01:00  INFO 68123 --- [SmartShop] [main] c.a.smartshop.SmartShopApplication       : No active profile set, falling back to 1 default profile: "default"
2025-12-07T15:56:11.985+01:00  INFO 68123 --- [SmartShop] [main] .s.d.r.c.RepositoryConfigurationDelegate : Bootstrapping Spring Data JPA repositories in DEFAULT mode.
2025-12-07T15:56:12.056+01:00  INFO 68123 --- [SmartShop] [main] .s.d.r.c.RepositoryConfigurationDelegate : Finished Spring Data repository scanning in 62 ms. Found 9 JPA repository interfaces.
2025-12-07T15:56:12.369+01:00  INFO 68123 --- [SmartShop] [main] o.s.boot.tomcat.TomcatWebServer          : Tomcat initialized with port 8081 (http)
2025-12-07T15:56:12.379+01:00  INFO 68123 --- [SmartShop] [main] o.apache.catalina.core.StandardService   : Starting service [Tomcat]
2025-12-07T15:56:12.379+01:00  INFO 68123 --- [SmartShop] [main] o.apache.catalina.core.StandardEngine    : Starting Servlet engine: [Apache Tomcat/11.0.14]
2025-12-07T15:56:12.406+01:00  INFO 68123 --- [SmartShop] [main] b.w.c.s.WebApplicationContextInitializer : Root WebApplicationContext: initialization completed in 1002 ms
2025-12-07T15:56:12.511+01:00  INFO 68123 --- [SmartShop] [main] o.hibernate.jpa.internal.util.LogHelper  : HHH000204: Processing PersistenceUnitInfo [name: default]
2025-12-07T15:56:12.564+01:00  INFO 68123 --- [SmartShop] [main] org.hibernate.Version                    : HHH000412: Hibernate ORM core version 7.1.8.Final
2025-12-07T15:56:12.943+01:00  INFO 68123 --- [SmartShop] [main] o.s.o.j.p.SpringPersistenceUnitInfo      : No LoadTimeWeaver setup: ignoring JPA class transformer
2025-12-07T15:56:12.971+01:00  INFO 68123 --- [SmartShop] [main] com.zaxxer.hikari.HikariDataSource       : HikariPool-1 - Starting...
2025-12-07T15:56:13.128+01:00  INFO 68123 --- [SmartShop] [main] com.zaxxer.hikari.pool.HikariPool        : HikariPool-1 - Added connection org.postgresql.jdbc.PgConnection@77204651
2025-12-07T15:56:13.129+01:00  INFO 68123 --- [SmartShop] [main] com.zaxxer.hikari.HikariDataSource       : HikariPool-1 - Start completed.
2025-12-07T15:56:13.202+01:00  WARN 68123 --- [SmartShop] [main] org.hibernate.orm.deprecation            : HHH90000025: PostgreSQLDialect does not need to be specified explicitly using 'hibernate.dialect' (remove the property setting and it will be selected by default)
2025-12-07T15:56:13.232+01:00  INFO 68123 --- [SmartShop] [main] org.hibernate.orm.connections.pooling    : HHH10001005: Database info:
	Database JDBC URL [jdbc:postgresql://localhost:5432/smartshop_db]
	Database driver: PostgreSQL JDBC Driver
	Database dialect: PostgreSQLDialect
	Database version: 15.14
	Default catalog/schema: smartshop_db/public
	Autocommit mode: undefined/unknown
	Isolation level: READ_COMMITTED [default READ_COMMITTED]
	JDBC fetch size: none
	Pool: DatasourceConnectionProviderImpl
	Minimum pool size: undefined/unknown
	Maximum pool size: undefined/unknown
2025-12-07T15:56:14.130+01:00  INFO 68123 --- [SmartShop] [main] o.h.e.t.j.p.i.JtaPlatformInitiator       : HHH000489: No JTA platform available (set 'hibernate.transaction.jta.platform' to enable JTA platform integration)
2025-12-07T15:56:14.411+01:00  INFO 68123 --- [SmartShop] [main] j.LocalContainerEntityManagerFactoryBean : Initialized JPA EntityManagerFactory for persistence unit 'default'
2025-12-07T15:56:14.479+01:00  INFO 68123 --- [SmartShop] [main] o.s.d.j.r.query.QueryEnhancerFactories   : Hibernate is in classpath; If applicable, HQL parser will be used.
2025-12-07T15:56:15.258+01:00  WARN 68123 --- [SmartShop] [main] JpaBaseConfiguration$JpaWebConfiguration : spring.jpa.open-in-view is enabled by default. Therefore, database queries may be performed during view rendering. Explicitly configure spring.jpa.open-in-view to disable this warning
2025-12-07T15:56:15.579+01:00  INFO 68123 --- [SmartShop] [main] o.s.boot.tomcat.TomcatWebServer          : Tomcat started on port 8081 (http) with context path '/'
2025-12-07T15:56:15.584+01:00  INFO 68123 --- [SmartShop] [main] c.a.smartshop.SmartShopApplication       : Started SmartShopApplication in 4.624 seconds (process running for 5.176)
2025-12-07T15:56:15.687+01:00 DEBUG 68123 --- [SmartShop] [main] org.hibernate.SQL                        : select u1_0.id from users u1_0 where (u1_0.deleted = false) and u1_0.email=? fetch first ? rows only
2025-12-07T16:46:54.270+01:00  WARN 68123 --- [SmartShop] [HikariPool-1:housekeeper] com.zaxxer.hikari.pool.HikariPool        : HikariPool-1 - Thread starvation or clock leap detected (housekeeper delta=13m40s787ms).
2025-12-07T17:16:30.067+01:00  WARN 68123 --- [SmartShop] [HikariPool-1:housekeeper] com.zaxxer.hikari.pool.HikariPool        : HikariPool-1 - Thread starvation or clock leap detected (housekeeper delta=3m34s85ms).
2025-12-07T17:25:52.951+01:00  WARN 68123 --- [SmartShop] [HikariPool-1:housekeeper] com.zaxxer.hikari.pool.HikariPool        : HikariPool-1 - Thread starvation or clock leap detected (housekeeper delta=1m45s239ms).
2025-12-07T17:28:41.694+01:00  WARN 68123 --- [SmartShop] [HikariPool-1:housekeeper] com.zaxxer.hikari.pool.HikariPool        : HikariPool-1 - Thread starvation or clock leap detected (housekeeper delta=48s722ms).
